<?xml version="1.0" encoding="UTF-8"?>
<testsuite name="com.geektrust.WeatherTest" tests="2" skipped="0" failures="0" errors="0" timestamp="2020-08-20T11:10:32" hostname="praveen-Inspiron-15-3567" time="0.006">
  <properties/>
  <testcase name="getPossibleVehiclesTest()" classname="com.geektrust.WeatherTest" time="0.003"/>
  <testcase name="craterChangeTest()" classname="com.geektrust.WeatherTest" time="0.001"/>
  <system-out><![CDATA[]]></system-out>
  <system-err><![CDATA[]]></system-err>
</testsuite>
